<?xml version="1.0" encoding="UTF-8"?>
<testsuite name="com.reference.testing.ToDoListAcceptanceTest" tests="1" skipped="0" failures="0" errors="0" timestamp="2022-01-10T06:42:15" hostname="glynn-a01.vmware.com" time="1.386">
  <properties/>
  <testcase name="givenNoToDoListsExist_whenItemsAreAddedForMultipleUsers_thenListsAreAvailable()" classname="com.reference.testing.ToDoListAcceptanceTest" time="1.386"/>
  <system-out><![CDATA[22:42:12.003 [Test worker] DEBUG org.springframework.test.context.BootstrapUtils - Instantiating CacheAwareContextLoaderDelegate from class [org.springframework.test.context.cache.DefaultCacheAwareContextLoaderDelegate]
22:42:12.016 [Test worker] DEBUG org.springframework.test.context.BootstrapUtils - Instantiating BootstrapContext using constructor [public org.springframework.test.context.support.DefaultBootstrapContext(java.lang.Class,org.springframework.test.context.CacheAwareContextLoaderDelegate)]
22:42:12.050 [Test worker] DEBUG org.springframework.test.context.BootstrapUtils - Instantiating TestContextBootstrapper for test class [com.reference.testing.ToDoListAcceptanceTest] from class [org.springframework.boot.test.context.SpringBootTestContextBootstrapper]
22:42:12.063 [Test worker] INFO org.springframework.boot.test.context.SpringBootTestContextBootstrapper - Neither @ContextConfiguration nor @ContextHierarchy found for test class [com.reference.testing.ToDoListAcceptanceTest], using SpringBootContextLoader
22:42:12.067 [Test worker] DEBUG org.springframework.test.context.support.AbstractContextLoader - Did not detect default resource location for test class [com.reference.testing.ToDoListAcceptanceTest]: class path resource [com/reference/testing/ToDoListAcceptanceTest-context.xml] does not exist
22:42:12.068 [Test worker] DEBUG org.springframework.test.context.support.AbstractContextLoader - Did not detect default resource location for test class [com.reference.testing.ToDoListAcceptanceTest]: class path resource [com/reference/testing/ToDoListAcceptanceTestContext.groovy] does not exist
22:42:12.068 [Test worker] INFO org.springframework.test.context.support.AbstractContextLoader - Could not detect default resource locations for test class [com.reference.testing.ToDoListAcceptanceTest]: no resource found for suffixes {-context.xml, Context.groovy}.
22:42:12.069 [Test worker] INFO org.springframework.test.context.support.AnnotationConfigContextLoaderUtils - Could not detect default configuration classes for test class [com.reference.testing.ToDoListAcceptanceTest]: ToDoListAcceptanceTest does not declare any static, non-private, non-final, nested classes annotated with @Configuration.
22:42:12.115 [Test worker] DEBUG org.springframework.test.context.support.ActiveProfilesUtils - Could not find an 'annotation declaring class' for annotation type [org.springframework.test.context.ActiveProfiles] and class [com.reference.testing.ToDoListAcceptanceTest]
22:42:12.170 [Test worker] DEBUG org.springframework.context.annotation.ClassPathScanningCandidateComponentProvider - Identified candidate component class: file [/Users/lin/Code/ReferenceSpringKotlin/build/classes/kotlin/main/com/reference/testing/TestingApplication.class]
22:42:12.183 [Test worker] INFO org.springframework.boot.test.context.SpringBootTestContextBootstrapper - Found @SpringBootConfiguration com.reference.testing.TestingApplication for test class com.reference.testing.ToDoListAcceptanceTest
22:42:12.272 [Test worker] DEBUG org.springframework.boot.test.context.SpringBootTestContextBootstrapper - @TestExecutionListeners is not present for class [com.reference.testing.ToDoListAcceptanceTest]: using defaults.
22:42:12.272 [Test worker] INFO org.springframework.boot.test.context.SpringBootTestContextBootstrapper - Loaded default TestExecutionListener class names from location [META-INF/spring.factories]: [org.springframework.boot.test.autoconfigure.restdocs.RestDocsTestExecutionListener, org.springframework.boot.test.autoconfigure.web.client.MockRestServiceServerResetTestExecutionListener, org.springframework.boot.test.autoconfigure.web.servlet.MockMvcPrintOnlyOnFailureTestExecutionListener, org.springframework.boot.test.autoconfigure.web.servlet.WebDriverTestExecutionListener, org.springframework.boot.test.autoconfigure.webservices.client.MockWebServiceServerTestExecutionListener, org.springframework.boot.test.mock.mockito.MockitoTestExecutionListener, org.springframework.boot.test.mock.mockito.ResetMocksTestExecutionListener, org.springframework.test.context.web.ServletTestExecutionListener, org.springframework.test.context.support.DirtiesContextBeforeModesTestExecutionListener, org.springframework.test.context.event.ApplicationEventsTestExecutionListener, org.springframework.test.context.support.DependencyInjectionTestExecutionListener, org.springframework.test.context.support.DirtiesContextTestExecutionListener, org.springframework.test.context.transaction.TransactionalTestExecutionListener, org.springframework.test.context.jdbc.SqlScriptsTestExecutionListener, org.springframework.test.context.event.EventPublishingTestExecutionListener]
22:42:12.304 [Test worker] INFO org.springframework.boot.test.context.SpringBootTestContextBootstrapper - Using TestExecutionListeners: [org.springframework.test.context.web.ServletTestExecutionListener@512d92b, org.springframework.test.context.support.DirtiesContextBeforeModesTestExecutionListener@62c5bbdc, org.springframework.test.context.event.ApplicationEventsTestExecutionListener@7bdf6bb7, org.springframework.boot.test.mock.mockito.MockitoTestExecutionListener@1bc53649, org.springframework.boot.test.autoconfigure.SpringBootDependencyInjectionTestExecutionListener@88d6f9b, org.springframework.test.context.support.DirtiesContextTestExecutionListener@47d93e0d, org.springframework.test.context.transaction.TransactionalTestExecutionListener@475b7792, org.springframework.test.context.jdbc.SqlScriptsTestExecutionListener@751e664e, org.springframework.test.context.event.EventPublishingTestExecutionListener@160c3ec1, org.springframework.boot.test.autoconfigure.restdocs.RestDocsTestExecutionListener@182b435b, org.springframework.boot.test.autoconfigure.web.client.MockRestServiceServerResetTestExecutionListener@4d0402b, org.springframework.boot.test.autoconfigure.web.servlet.MockMvcPrintOnlyOnFailureTestExecutionListener@2fa7ae9, org.springframework.boot.test.autoconfigure.web.servlet.WebDriverTestExecutionListener@7577b641, org.springframework.boot.test.autoconfigure.webservices.client.MockWebServiceServerTestExecutionListener@3704122f, org.springframework.boot.test.mock.mockito.ResetMocksTestExecutionListener@3153ddfc]
22:42:12.306 [Test worker] DEBUG org.springframework.test.context.support.AbstractDirtiesContextTestExecutionListener - Before test class: context [DefaultTestContext@7bd69e82 testClass = ToDoListAcceptanceTest, testInstance = [null], testMethod = [null], testException = [null], mergedContextConfiguration = [WebMergedContextConfiguration@74d7184a testClass = ToDoListAcceptanceTest, locations = '{}', classes = '{class com.reference.testing.TestingApplication}', contextInitializerClasses = '[]', activeProfiles = '{}', propertySourceLocations = '{}', propertySourceProperties = '{org.springframework.boot.test.context.SpringBootTestContextBootstrapper=true, server.port=0}', contextCustomizers = set[org.springframework.boot.test.autoconfigure.actuate.metrics.MetricsExportContextCustomizerFactory$DisableMetricExportContextCustomizer@68b6f0d6, org.springframework.boot.test.autoconfigure.properties.PropertyMappingContextCustomizer@0, org.springframework.boot.test.autoconfigure.web.servlet.WebDriverContextCustomizerFactory$Customizer@2bd2b28e, org.springframework.boot.test.context.filter.ExcludeFilterContextCustomizer@674658f7, org.springframework.boot.test.json.DuplicateJsonObjectContextCustomizerFactory$DuplicateJsonObjectContextCustomizer@26425897, org.springframework.boot.test.mock.mockito.MockitoContextCustomizer@0, org.springframework.boot.test.web.client.TestRestTemplateContextCustomizer@42e3ede4, org.springframework.boot.test.context.SpringBootTestArgs@1, org.springframework.boot.test.context.SpringBootTestWebEnvironment@79defdc], resourceBasePath = 'src/main/webapp', contextLoader = 'org.springframework.boot.test.context.SpringBootContextLoader', parent = [null]], attributes = map['org.springframework.test.context.web.ServletTestExecutionListener.activateListener' -> false]], class annotated with @DirtiesContext [true] with mode [BEFORE_EACH_TEST_METHOD].
22:42:12.331 [Test worker] DEBUG org.springframework.test.context.support.DependencyInjectionTestExecutionListener - Performing dependency injection for test context [[DefaultTestContext@7bd69e82 testClass = ToDoListAcceptanceTest, testInstance = com.reference.testing.ToDoListAcceptanceTest@6e5bfdfc, testMethod = [null], testException = [null], mergedContextConfiguration = [WebMergedContextConfiguration@74d7184a testClass = ToDoListAcceptanceTest, locations = '{}', classes = '{class com.reference.testing.TestingApplication}', contextInitializerClasses = '[]', activeProfiles = '{}', propertySourceLocations = '{}', propertySourceProperties = '{org.springframework.boot.test.context.SpringBootTestContextBootstrapper=true, server.port=0}', contextCustomizers = set[org.springframework.boot.test.autoconfigure.actuate.metrics.MetricsExportContextCustomizerFactory$DisableMetricExportContextCustomizer@68b6f0d6, org.springframework.boot.test.autoconfigure.properties.PropertyMappingContextCustomizer@0, org.springframework.boot.test.autoconfigure.web.servlet.WebDriverContextCustomizerFactory$Customizer@2bd2b28e, org.springframework.boot.test.context.filter.ExcludeFilterContextCustomizer@674658f7, org.springframework.boot.test.json.DuplicateJsonObjectContextCustomizerFactory$DuplicateJsonObjectContextCustomizer@26425897, org.springframework.boot.test.mock.mockito.MockitoContextCustomizer@0, org.springframework.boot.test.web.client.TestRestTemplateContextCustomizer@42e3ede4, org.springframework.boot.test.context.SpringBootTestArgs@1, org.springframework.boot.test.context.SpringBootTestWebEnvironment@79defdc], resourceBasePath = 'src/main/webapp', contextLoader = 'org.springframework.boot.test.context.SpringBootContextLoader', parent = [null]], attributes = map['org.springframework.test.context.web.ServletTestExecutionListener.activateListener' -> false, 'org.springframework.test.context.event.ApplicationEventsTestExecutionListener.recordApplicationEvents' -> false]]].
22:42:12.374 [Test worker] DEBUG org.springframework.boot.ApplicationServletEnvironment - Activating profiles []
22:42:12.375 [Test worker] DEBUG org.springframework.test.context.support.TestPropertySourceUtils - Adding inlined properties to environment: {spring.jmx.enabled=false, org.springframework.boot.test.context.SpringBootTestContextBootstrapper=true, server.port=0}

  .   ____          _            __ _ _
 /\\ / ___'_ __ _ _(_)_ __  __ _ \ \ \ \
( ( )\___ | '_ | '_| | '_ \/ _` | \ \ \ \
 \\/  ___)| |_)| | | | | || (_| |  ) ) ) )
  '  |____| .__|_| |_|_| |_\__, | / / / /
 =========|_|==============|___/=/_/_/_/
 :: Spring Boot ::                (v2.6.1)

2022-01-09 22:42:12.612  INFO 28241 --- [    Test worker] c.r.testing.ToDoListAcceptanceTest       : Starting ToDoListAcceptanceTest using Java 11.0.9 on glynn-a01.vmware.com with PID 28241 (started by lin in /Users/lin/Code/ReferenceSpringKotlin)
2022-01-09 22:42:12.614  INFO 28241 --- [    Test worker] c.r.testing.ToDoListAcceptanceTest       : No active profile set, falling back to default profiles: default
2022-01-09 22:42:13.152  INFO 28241 --- [    Test worker] .s.d.r.c.RepositoryConfigurationDelegate : Bootstrapping Spring Data JPA repositories in DEFAULT mode.
2022-01-09 22:42:13.198  INFO 28241 --- [    Test worker] .s.d.r.c.RepositoryConfigurationDelegate : Finished Spring Data repository scanning in 37 ms. Found 1 JPA repository interfaces.
2022-01-09 22:42:13.772  INFO 28241 --- [    Test worker] o.s.b.w.embedded.tomcat.TomcatWebServer  : Tomcat initialized with port(s): 0 (http)
2022-01-09 22:42:13.784  INFO 28241 --- [    Test worker] o.apache.catalina.core.StandardService   : Starting service [Tomcat]
2022-01-09 22:42:13.785  INFO 28241 --- [    Test worker] org.apache.catalina.core.StandardEngine  : Starting Servlet engine: [Apache Tomcat/9.0.55]
2022-01-09 22:42:13.882  INFO 28241 --- [    Test worker] o.a.c.c.C.[Tomcat].[localhost].[/]       : Initializing Spring embedded WebApplicationContext
2022-01-09 22:42:13.882  INFO 28241 --- [    Test worker] w.s.c.ServletWebServerApplicationContext : Root WebApplicationContext: initialization completed in 1249 ms
2022-01-09 22:42:13.926  INFO 28241 --- [    Test worker] com.zaxxer.hikari.HikariDataSource       : HikariPool-1 - Starting...
2022-01-09 22:42:14.104  INFO 28241 --- [    Test worker] com.zaxxer.hikari.HikariDataSource       : HikariPool-1 - Start completed.
2022-01-09 22:42:14.116  INFO 28241 --- [    Test worker] o.s.b.a.h2.H2ConsoleAutoConfiguration    : H2 console available at '/h2-console'. Database available at 'jdbc:h2:mem:accounttestdb'
2022-01-09 22:42:14.342  INFO 28241 --- [    Test worker] o.hibernate.jpa.internal.util.LogHelper  : HHH000204: Processing PersistenceUnitInfo [name: default]
2022-01-09 22:42:14.402  INFO 28241 --- [    Test worker] org.hibernate.Version                    : HHH000412: Hibernate ORM core version 5.6.1.Final
2022-01-09 22:42:14.585  INFO 28241 --- [    Test worker] o.hibernate.annotations.common.Version   : HCANN000001: Hibernate Commons Annotations {5.1.2.Final}
2022-01-09 22:42:14.721  INFO 28241 --- [    Test worker] org.hibernate.dialect.Dialect            : HHH000400: Using dialect: org.hibernate.dialect.H2Dialect
2022-01-09 22:42:15.131  INFO 28241 --- [    Test worker] o.h.e.t.j.p.i.JtaPlatformInitiator       : HHH000490: Using JtaPlatform implementation: [org.hibernate.engine.transaction.jta.platform.internal.NoJtaPlatform]
2022-01-09 22:42:15.139  INFO 28241 --- [    Test worker] j.LocalContainerEntityManagerFactoryBean : Initialized JPA EntityManagerFactory for persistence unit 'default'
2022-01-09 22:42:15.488  WARN 28241 --- [    Test worker] JpaBaseConfiguration$JpaWebConfiguration : spring.jpa.open-in-view is enabled by default. Therefore, database queries may be performed during view rendering. Explicitly configure spring.jpa.open-in-view to disable this warning
2022-01-09 22:42:15.945  INFO 28241 --- [    Test worker] o.s.b.w.embedded.tomcat.TomcatWebServer  : Tomcat started on port(s): 58145 (http) with context path ''
2022-01-09 22:42:15.953  INFO 28241 --- [    Test worker] c.r.testing.ToDoListAcceptanceTest       : Started ToDoListAcceptanceTest in 3.576 seconds (JVM running for 4.682)
2022-01-09 22:42:15.997  INFO 28241 --- [    Test worker] j.LocalContainerEntityManagerFactoryBean : Closing JPA EntityManagerFactory for persistence unit 'default'
2022-01-09 22:42:15.998  INFO 28241 --- [    Test worker] com.zaxxer.hikari.HikariDataSource       : HikariPool-1 - Shutdown initiated...
2022-01-09 22:42:16.002  INFO 28241 --- [    Test worker] com.zaxxer.hikari.HikariDataSource       : HikariPool-1 - Shutdown completed.

  .   ____          _            __ _ _
 /\\ / ___'_ __ _ _(_)_ __  __ _ \ \ \ \
( ( )\___ | '_ | '_| | '_ \/ _` | \ \ \ \
 \\/  ___)| |_)| | | | | || (_| |  ) ) ) )
  '  |____| .__|_| |_|_| |_\__, | / / / /
 =========|_|==============|___/=/_/_/_/
 :: Spring Boot ::                (v2.6.1)

2022-01-09 22:42:16.025  INFO 28241 --- [    Test worker] c.r.testing.ToDoListAcceptanceTest       : Starting ToDoListAcceptanceTest using Java 11.0.9 on glynn-a01.vmware.com with PID 28241 (started by lin in /Users/lin/Code/ReferenceSpringKotlin)
2022-01-09 22:42:16.025  INFO 28241 --- [    Test worker] c.r.testing.ToDoListAcceptanceTest       : No active profile set, falling back to default profiles: default
2022-01-09 22:42:16.148  INFO 28241 --- [    Test worker] .s.d.r.c.RepositoryConfigurationDelegate : Bootstrapping Spring Data JPA repositories in DEFAULT mode.
2022-01-09 22:42:16.154  INFO 28241 --- [    Test worker] .s.d.r.c.RepositoryConfigurationDelegate : Finished Spring Data repository scanning in 6 ms. Found 1 JPA repository interfaces.
2022-01-09 22:42:16.260  INFO 28241 --- [    Test worker] o.s.b.w.embedded.tomcat.TomcatWebServer  : Tomcat initialized with port(s): 0 (http)
2022-01-09 22:42:16.260  INFO 28241 --- [    Test worker] o.apache.catalina.core.StandardService   : Starting service [Tomcat]
2022-01-09 22:42:16.261  INFO 28241 --- [    Test worker] org.apache.catalina.core.StandardEngine  : Starting Servlet engine: [Apache Tomcat/9.0.55]
2022-01-09 22:42:16.277  INFO 28241 --- [    Test worker] o.a.c.c.C.[Tomcat].[localhost].[/]       : Initializing Spring embedded WebApplicationContext
2022-01-09 22:42:16.277  INFO 28241 --- [    Test worker] w.s.c.ServletWebServerApplicationContext : Root WebApplicationContext: initialization completed in 250 ms
2022-01-09 22:42:16.300  INFO 28241 --- [    Test worker] com.zaxxer.hikari.HikariDataSource       : HikariPool-2 - Starting...
2022-01-09 22:42:16.302  INFO 28241 --- [    Test worker] com.zaxxer.hikari.HikariDataSource       : HikariPool-2 - Start completed.
2022-01-09 22:42:16.302  INFO 28241 --- [    Test worker] o.s.b.a.h2.H2ConsoleAutoConfiguration    : H2 console available at '/h2-console'. Database available at 'jdbc:h2:mem:accounttestdb'
2022-01-09 22:42:16.364  INFO 28241 --- [    Test worker] o.hibernate.jpa.internal.util.LogHelper  : HHH000204: Processing PersistenceUnitInfo [name: default]
2022-01-09 22:42:16.369  INFO 28241 --- [    Test worker] org.hibernate.dialect.Dialect            : HHH000400: Using dialect: org.hibernate.dialect.H2Dialect
2022-01-09 22:42:16.379  INFO 28241 --- [    Test worker] o.h.e.t.j.p.i.JtaPlatformInitiator       : HHH000490: Using JtaPlatform implementation: [org.hibernate.engine.transaction.jta.platform.internal.NoJtaPlatform]
2022-01-09 22:42:16.380  INFO 28241 --- [    Test worker] j.LocalContainerEntityManagerFactoryBean : Initialized JPA EntityManagerFactory for persistence unit 'default'
2022-01-09 22:42:16.455  WARN 28241 --- [    Test worker] JpaBaseConfiguration$JpaWebConfiguration : spring.jpa.open-in-view is enabled by default. Therefore, database queries may be performed during view rendering. Explicitly configure spring.jpa.open-in-view to disable this warning
2022-01-09 22:42:16.649  INFO 28241 --- [    Test worker] o.s.b.w.embedded.tomcat.TomcatWebServer  : Tomcat started on port(s): 58147 (http) with context path ''
2022-01-09 22:42:16.652  INFO 28241 --- [    Test worker] c.r.testing.ToDoListAcceptanceTest       : Started ToDoListAcceptanceTest in 0.648 seconds (JVM running for 5.382)
2022-01-09 22:42:16.953  INFO 28241 --- [o-auto-2-exec-1] o.a.c.c.C.[Tomcat].[localhost].[/]       : Initializing Spring DispatcherServlet 'dispatcherServlet'
2022-01-09 22:42:16.953  INFO 28241 --- [o-auto-2-exec-1] o.s.web.servlet.DispatcherServlet        : Initializing Servlet 'dispatcherServlet'
2022-01-09 22:42:16.954  INFO 28241 --- [o-auto-2-exec-1] o.s.web.servlet.DispatcherServlet        : Completed initialization in 1 ms
]]></system-out>
  <system-err><![CDATA[]]></system-err>
</testsuite>
